{"/home/szh/Documents/node-api-smartme/node-api-design-workshop-2015-12-13/src/server/hello-server.js":{"path":"/home/szh/Documents/node-api-smartme/node-api-design-workshop-2015-12-13/src/server/hello-server.js","s":{"1":1,"2":1,"3":1,"4":1,"5":1},"b":{},"f":{},"fnMap":{},"statementMap":{"1":{"start":{"line":1,"column":0},"end":{"line":1,"column":29}},"2":{"start":{"line":3,"column":0},"end":{"line":6,"column":3}},"3":{"start":{"line":4,"column":1},"end":{"line":4,"column":53}},"4":{"start":{"line":5,"column":1},"end":{"line":5,"column":24}},"5":{"start":{"line":7,"column":0},"end":{"line":7,"column":24}}},"branchMap":{}},"/home/szh/Documents/node-api-smartme/node-api-design-workshop-2015-12-13/src/server/jsonapi-server.js":{"path":"/home/szh/Documents/node-api-smartme/node-api-design-workshop-2015-12-13/src/server/jsonapi-server.js","s":{"1":1,"2":1,"3":1,"4":1,"5":1,"6":1,"7":1,"8":1},"b":{"1":[1,0]},"f":{},"fnMap":{},"statementMap":{"1":{"start":{"line":2,"column":0},"end":{"line":2,"column":42}},"2":{"start":{"line":4,"column":0},"end":{"line":37,"column":1}},"3":{"start":{"line":5,"column":4},"end":{"line":8,"column":7}},"4":{"start":{"line":10,"column":4},"end":{"line":10,"column":20}},"5":{"start":{"line":12,"column":4},"end":{"line":14,"column":5}},"6":{"start":{"line":13,"column":8},"end":{"line":13,"column":35}},"7":{"start":{"line":16,"column":4},"end":{"line":36,"column":7}},"8":{"start":{"line":39,"column":0},"end":{"line":39,"column":25}}},"branchMap":{"1":{"line":12,"type":"if","locations":[{"start":{"line":12,"column":4},"end":{"line":12,"column":4}},{"start":{"line":12,"column":4},"end":{"line":12,"column":4}}]}}},"/home/szh/Documents/node-api-smartme/node-api-design-workshop-2015-12-13/src/auth/auth-proxy.js":{"path":"/home/szh/Documents/node-api-smartme/node-api-design-workshop-2015-12-13/src/auth/auth-proxy.js","s":{"1":1,"2":1,"3":1,"4":1,"5":1,"6":1,"7":1,"8":1,"9":1,"10":1,"11":1,"12":1,"13":1,"14":1},"b":{},"f":{},"fnMap":{},"statementMap":{"1":{"start":{"line":1,"column":0},"end":{"line":1,"column":35}},"2":{"start":{"line":2,"column":0},"end":{"line":2,"column":42}},"3":{"start":{"line":3,"column":0},"end":{"line":3,"column":28}},"4":{"start":{"line":4,"column":0},"end":{"line":4,"column":45}},"5":{"start":{"line":5,"column":0},"end":{"line":5,"column":42}},"6":{"start":{"line":7,"column":0},"end":{"line":7,"column":45}},"7":{"start":{"line":9,"column":0},"end":{"line":9,"column":20}},"8":{"start":{"line":11,"column":0},"end":{"line":11,"column":51}},"9":{"start":{"line":13,"column":0},"end":{"line":13,"column":27}},"10":{"start":{"line":15,"column":0},"end":{"line":19,"column":3}},"11":{"start":{"line":21,"column":0},"end":{"line":21,"column":43}},"12":{"start":{"line":23,"column":0},"end":{"line":23,"column":68}},"13":{"start":{"line":25,"column":0},"end":{"line":25,"column":34}},"14":{"start":{"line":27,"column":0},"end":{"line":27,"column":51}}},"branchMap":{}},"/home/szh/Documents/node-api-smartme/node-api-design-workshop-2015-12-13/src/models/AuthModel.js":{"path":"/home/szh/Documents/node-api-smartme/node-api-design-workshop-2015-12-13/src/models/AuthModel.js","s":{"1":1,"2":1,"3":1,"4":0,"5":0,"6":0,"7":0,"8":0,"9":1,"10":1,"11":1,"12":1,"13":1,"14":0,"15":1,"16":0,"17":0,"18":0,"19":0,"20":0,"21":1,"22":1,"23":1,"24":1,"25":1,"26":0,"27":1,"28":1,"29":1,"30":1,"31":1,"32":1,"33":0,"34":0,"35":1,"36":1,"37":1,"38":1,"39":1,"40":0},"b":{"1":[1,0],"2":[0,0],"3":[1,0],"4":[1,1,1],"5":[1,1],"6":[1,0],"7":[1,1]},"f":{"1":0,"2":1,"3":0,"4":1,"5":1,"6":1,"7":0,"8":1},"fnMap":{"1":{"name":"(anonymous_1)","line":30,"loc":{"start":{"line":30,"column":13},"end":{"line":30,"column":24}}},"2":{"name":"(anonymous_2)","line":42,"loc":{"start":{"line":42,"column":23},"end":{"line":42,"column":56}}},"3":{"name":"(anonymous_3)","line":52,"loc":{"start":{"line":52,"column":24},"end":{"line":52,"column":57}}},"4":{"name":"(anonymous_4)","line":62,"loc":{"start":{"line":62,"column":18},"end":{"line":62,"column":62}}},"5":{"name":"(anonymous_5)","line":73,"loc":{"start":{"line":73,"column":25},"end":{"line":73,"column":66}}},"6":{"name":"(anonymous_6)","line":78,"loc":{"start":{"line":78,"column":24},"end":{"line":78,"column":84}}},"7":{"name":"(anonymous_7)","line":89,"loc":{"start":{"line":89,"column":25},"end":{"line":89,"column":86}}},"8":{"name":"(anonymous_8)","line":103,"loc":{"start":{"line":103,"column":16},"end":{"line":103,"column":56}}}},"statementMap":{"1":{"start":{"line":1,"column":0},"end":{"line":1,"column":27}},"2":{"start":{"line":4,"column":0},"end":{"line":27,"column":4}},"3":{"start":{"line":30,"column":0},"end":{"line":36,"column":2}},"4":{"start":{"line":31,"column":2},"end":{"line":31,"column":54}},"5":{"start":{"line":32,"column":2},"end":{"line":32,"column":44}},"6":{"start":{"line":33,"column":2},"end":{"line":33,"column":58}},"7":{"start":{"line":34,"column":2},"end":{"line":34,"column":56}},"8":{"start":{"line":35,"column":2},"end":{"line":35,"column":30}},"9":{"start":{"line":42,"column":0},"end":{"line":50,"column":2}},"10":{"start":{"line":43,"column":2},"end":{"line":48,"column":3}},"11":{"start":{"line":44,"column":4},"end":{"line":44,"column":36}},"12":{"start":{"line":45,"column":4},"end":{"line":47,"column":5}},"13":{"start":{"line":46,"column":6},"end":{"line":46,"column":35}},"14":{"start":{"line":49,"column":2},"end":{"line":49,"column":25}},"15":{"start":{"line":52,"column":0},"end":{"line":60,"column":2}},"16":{"start":{"line":53,"column":2},"end":{"line":58,"column":3}},"17":{"start":{"line":54,"column":4},"end":{"line":54,"column":37}},"18":{"start":{"line":55,"column":4},"end":{"line":57,"column":5}},"19":{"start":{"line":56,"column":6},"end":{"line":56,"column":35}},"20":{"start":{"line":59,"column":2},"end":{"line":59,"column":25}},"21":{"start":{"line":62,"column":0},"end":{"line":71,"column":2}},"22":{"start":{"line":63,"column":2},"end":{"line":69,"column":3}},"23":{"start":{"line":64,"column":4},"end":{"line":64,"column":31}},"24":{"start":{"line":65,"column":4},"end":{"line":68,"column":5}},"25":{"start":{"line":67,"column":6},"end":{"line":67,"column":35}},"26":{"start":{"line":70,"column":2},"end":{"line":70,"column":25}},"27":{"start":{"line":73,"column":0},"end":{"line":76,"column":2}},"28":{"start":{"line":74,"column":2},"end":{"line":75,"column":73}},"29":{"start":{"line":78,"column":0},"end":{"line":87,"column":2}},"30":{"start":{"line":79,"column":2},"end":{"line":84,"column":5}},"31":{"start":{"line":86,"column":2},"end":{"line":86,"column":18}},"32":{"start":{"line":89,"column":0},"end":{"line":98,"column":2}},"33":{"start":{"line":90,"column":2},"end":{"line":95,"column":5}},"34":{"start":{"line":97,"column":2},"end":{"line":97,"column":18}},"35":{"start":{"line":103,"column":0},"end":{"line":111,"column":2}},"36":{"start":{"line":104,"column":2},"end":{"line":109,"column":3}},"37":{"start":{"line":105,"column":4},"end":{"line":105,"column":24}},"38":{"start":{"line":106,"column":4},"end":{"line":108,"column":5}},"39":{"start":{"line":107,"column":6},"end":{"line":107,"column":35}},"40":{"start":{"line":110,"column":2},"end":{"line":110,"column":25}}},"branchMap":{"1":{"line":45,"type":"if","locations":[{"start":{"line":45,"column":4},"end":{"line":45,"column":4}},{"start":{"line":45,"column":4},"end":{"line":45,"column":4}}]},"2":{"line":55,"type":"if","locations":[{"start":{"line":55,"column":4},"end":{"line":55,"column":4}},{"start":{"line":55,"column":4},"end":{"line":55,"column":4}}]},"3":{"line":65,"type":"if","locations":[{"start":{"line":65,"column":4},"end":{"line":65,"column":4}},{"start":{"line":65,"column":4},"end":{"line":65,"column":4}}]},"4":{"line":65,"type":"binary-expr","locations":[{"start":{"line":65,"column":7},"end":{"line":65,"column":33}},{"start":{"line":66,"column":7},"end":{"line":66,"column":28}},{"start":{"line":66,"column":32},"end":{"line":66,"column":66}}]},"5":{"line":74,"type":"binary-expr","locations":[{"start":{"line":74,"column":18},"end":{"line":74,"column":48}},{"start":{"line":75,"column":4},"end":{"line":75,"column":71}}]},"6":{"line":106,"type":"if","locations":[{"start":{"line":106,"column":4},"end":{"line":106,"column":4}},{"start":{"line":106,"column":4},"end":{"line":106,"column":4}}]},"7":{"line":106,"type":"binary-expr","locations":[{"start":{"line":106,"column":7},"end":{"line":106,"column":33}},{"start":{"line":106,"column":37},"end":{"line":106,"column":63}}]}}}}