TN:
SF:/home/szh/Documents/node-api-smartme/node-api-design-workshop-2015-12-13/src/server/hello-server.js
FNF:0
FNH:0
DA:1,1
DA:3,1
DA:4,1
DA:5,1
DA:7,1
LF:5
LH:5
BRF:0
BRH:0
end_of_record
TN:
SF:/home/szh/Documents/node-api-smartme/node-api-design-workshop-2015-12-13/src/server/jsonapi-server.js
FNF:0
FNH:0
DA:2,1
DA:4,1
DA:5,1
DA:10,1
DA:12,1
DA:13,1
DA:16,1
DA:39,1
LF:8
LH:8
BRDA:12,1,0,1
BRDA:12,1,1,0
BRF:2
BRH:1
end_of_record
TN:
SF:/home/szh/Documents/node-api-smartme/node-api-design-workshop-2015-12-13/src/auth/auth-proxy.js
FNF:0
FNH:0
DA:1,1
DA:2,1
DA:3,1
DA:4,1
DA:5,1
DA:7,1
DA:9,1
DA:11,1
DA:13,1
DA:15,1
DA:21,1
DA:23,1
DA:25,1
DA:27,1
LF:14
LH:14
BRF:0
BRH:0
end_of_record
TN:
SF:/home/szh/Documents/node-api-smartme/node-api-design-workshop-2015-12-13/src/models/AuthModel.js
FN:30,(anonymous_1)
FN:42,(anonymous_2)
FN:52,(anonymous_3)
FN:62,(anonymous_4)
FN:73,(anonymous_5)
FN:78,(anonymous_6)
FN:89,(anonymous_7)
FN:103,(anonymous_8)
FNF:8
FNH:5
FNDA:0,(anonymous_1)
FNDA:1,(anonymous_2)
FNDA:0,(anonymous_3)
FNDA:1,(anonymous_4)
FNDA:1,(anonymous_5)
FNDA:1,(anonymous_6)
FNDA:0,(anonymous_7)
FNDA:1,(anonymous_8)
DA:1,1
DA:4,1
DA:30,1
DA:31,0
DA:32,0
DA:33,0
DA:34,0
DA:35,0
DA:42,1
DA:43,1
DA:44,1
DA:45,1
DA:46,1
DA:49,0
DA:52,1
DA:53,0
DA:54,0
DA:55,0
DA:56,0
DA:59,0
DA:62,1
DA:63,1
DA:64,1
DA:65,1
DA:67,1
DA:70,0
DA:73,1
DA:74,1
DA:78,1
DA:79,1
DA:86,1
DA:89,1
DA:90,0
DA:97,0
DA:103,1
DA:104,1
DA:105,1
DA:106,1
DA:107,1
DA:110,0
LF:40
LH:25
BRDA:45,1,0,1
BRDA:45,1,1,0
BRDA:55,2,0,0
BRDA:55,2,1,0
BRDA:65,3,0,1
BRDA:65,3,1,0
BRDA:65,4,0,1
BRDA:65,4,1,1
BRDA:65,4,2,1
BRDA:74,5,0,1
BRDA:74,5,1,1
BRDA:106,6,0,1
BRDA:106,6,1,0
BRDA:106,7,0,1
BRDA:106,7,1,1
BRF:15
BRH:10
end_of_record
